This file contains any messages produced by compilers while
running configure, to aid debugging if configure makes a mistake.

It was created by configure, which was
generated by GNU Autoconf 2.69.  Invocation command line was

  $ ./configure 

## --------- ##
## Platform. ##
## --------- ##

hostname = localhost.localdomain
uname -m = x86_64
uname -r = 3.11.9-200.fc19.x86_64
uname -s = Linux
uname -v = #1 SMP Wed Nov 20 21:22:24 UTC 2013

/usr/bin/uname -p = x86_64
/bin/uname -X     = unknown

/bin/arch              = x86_64
/usr/bin/arch -k       = unknown
/usr/convex/getsysinfo = unknown
/usr/bin/hostinfo      = unknown
/bin/machine           = unknown
/usr/bin/oslevel       = unknown
/bin/universe          = unknown

PATH: /usr/lib64/qt-3.3/bin
PATH: /usr/lib64/ccache
PATH: /usr/local/bin
PATH: /usr/bin
PATH: /bin
PATH: /usr/local/sbin
PATH: /usr/sbin
PATH: /home/back1992/.rvm/bin
PATH: /home/back1992/.local/bin
PATH: /home/back1992/bin
PATH: /home/back1992/.rvm/bin


## ----------- ##
## Core tests. ##
## ----------- ##

configure:2075: checking for grep that handles long lines and -e
configure:2133: result: /usr/bin/grep
configure:2138: checking for egrep
configure:2200: result: /usr/bin/grep -E
configure:2205: checking for a sed that does not truncate output
configure:2269: result: /usr/bin/sed
configure:2403: checking for cc
configure:2419: found /usr/lib64/ccache/cc
configure:2430: result: cc
configure:2461: checking for C compiler version
configure:2470: cc --version >&5
cc (GCC) 4.8.2 20131017 (Red Hat 4.8.2-1)
Copyright (C) 2013 Free Software Foundation, Inc.
This is free software; see the source for copying conditions.  There is NO
warranty; not even for MERCHANTABILITY or FITNESS FOR A PARTICULAR PURPOSE.

configure:2481: $? = 0
configure:2470: cc -v >&5
Using built-in specs.
COLLECT_GCC=/usr/bin/cc
COLLECT_LTO_WRAPPER=/usr/libexec/gcc/x86_64-redhat-linux/4.8.2/lto-wrapper
Target: x86_64-redhat-linux
Configured with: ../configure --prefix=/usr --mandir=/usr/share/man --infodir=/usr/share/info --with-bugurl=http://bugzilla.redhat.com/bugzilla --enable-bootstrap --enable-shared --enable-threads=posix --enable-checking=release --with-system-zlib --enable-__cxa_atexit --disable-libunwind-exceptions --enable-gnu-unique-object --enable-linker-build-id --with-linker-hash-style=gnu --enable-languages=c,c++,objc,obj-c++,java,fortran,ada,go,lto --enable-plugin --enable-initfini-array --enable-java-awt=gtk --disable-dssi --with-java-home=/usr/lib/jvm/java-1.5.0-gcj-1.5.0.0/jre --enable-libgcj-multifile --enable-java-maintainer-mode --with-ecj-jar=/usr/share/java/eclipse-ecj.jar --disable-libjava-multilib --with-isl=/builddir/build/BUILD/gcc-4.8.2-20131017/obj-x86_64-redhat-linux/isl-install --with-cloog=/builddir/build/BUILD/gcc-4.8.2-20131017/obj-x86_64-redhat-linux/cloog-install --with-tune=generic --with-arch_32=i686 --build=x86_64-redhat-linux
Thread model: posix
gcc version 4.8.2 20131017 (Red Hat 4.8.2-1) (GCC) 
configure:2481: $? = 0
configure:2470: cc -V >&5
cc: error: unrecognized command line option '-V'
cc: fatal error: no input files
compilation terminated.
configure:2481: $? = 4
configure:2470: cc -qversion >&5
cc: error: unrecognized command line option '-qversion'
cc: fatal error: no input files
compilation terminated.
configure:2481: $? = 4
configure:2501: checking whether the C compiler works
configure:2523: cc    conftest.c  >&5
configure:2527: $? = 0
configure:2575: result: yes
configure:2578: checking for C compiler default output file name
configure:2580: result: a.out
configure:2586: checking for suffix of executables
configure:2593: cc -o conftest    conftest.c  >&5
configure:2597: $? = 0
configure:2619: result: 
configure:2641: checking whether we are cross compiling
configure:2649: cc -o conftest    conftest.c  >&5
configure:2653: $? = 0
configure:2660: ./conftest
configure:2664: $? = 0
configure:2679: result: no
configure:2684: checking for suffix of object files
configure:2706: cc -c   conftest.c >&5
configure:2710: $? = 0
configure:2731: result: o
configure:2735: checking whether we are using the GNU C compiler
configure:2754: cc -c   conftest.c >&5
configure:2754: $? = 0
configure:2763: result: yes
configure:2772: checking whether cc accepts -g
configure:2792: cc -c -g  conftest.c >&5
configure:2792: $? = 0
configure:2833: result: yes
configure:2850: checking for cc option to accept ISO C89
configure:2913: cc  -c -g -O2  conftest.c >&5
configure:2913: $? = 0
configure:2926: result: none needed
configure:2952: checking how to run the C preprocessor
configure:2983: cc -E  conftest.c
configure:2983: $? = 0
configure:2997: cc -E  conftest.c
conftest.c:9:28: fatal error: ac_nonexistent.h: No such file or directory
 #include <ac_nonexistent.h>
                            ^
compilation terminated.
configure:2997: $? = 1
configure: failed program was:
| /* confdefs.h */
| #define PACKAGE_NAME ""
| #define PACKAGE_TARNAME ""
| #define PACKAGE_VERSION ""
| #define PACKAGE_STRING ""
| #define PACKAGE_BUGREPORT ""
| #define PACKAGE_URL ""
| /* end confdefs.h.  */
| #include <ac_nonexistent.h>
configure:3022: result: cc -E
configure:3042: cc -E  conftest.c
configure:3042: $? = 0
configure:3056: cc -E  conftest.c
conftest.c:9:28: fatal error: ac_nonexistent.h: No such file or directory
 #include <ac_nonexistent.h>
                            ^
compilation terminated.
configure:3056: $? = 1
configure: failed program was:
| /* confdefs.h */
| #define PACKAGE_NAME ""
| #define PACKAGE_TARNAME ""
| #define PACKAGE_VERSION ""
| #define PACKAGE_STRING ""
| #define PACKAGE_BUGREPORT ""
| #define PACKAGE_URL ""
| /* end confdefs.h.  */
| #include <ac_nonexistent.h>
configure:3087: checking for icc
configure:3096: result: no
configure:3110: checking for suncc
configure:3119: result: no
configure:3137: checking whether cc understands -c and -o together
configure:3165: cc -c conftest.c -o conftest2.o >&5
configure:3169: $? = 0
configure:3175: cc -c conftest.c -o conftest2.o >&5
configure:3179: $? = 0
configure:3234: result: yes
configure:3248: checking for system library directory
configure:3263: result: lib
configure:3270: checking if compiler supports -R
configure:3289: cc -o conftest -g -O2   conftest.c -R /usr/lib  >&5
cc: error: unrecognized command line option '-R'
configure:3289: $? = 1
configure: failed program was:
| /* confdefs.h */
| #define PACKAGE_NAME ""
| #define PACKAGE_TARNAME ""
| #define PACKAGE_VERSION ""
| #define PACKAGE_STRING ""
| #define PACKAGE_BUGREPORT ""
| #define PACKAGE_URL ""
| /* end confdefs.h.  */
| 
| int
| main ()
| {
| 
|   ;
|   return 0;
| }
configure:3299: result: no
configure:3304: checking if compiler supports -Wl,-rpath,
configure:3323: cc -o conftest -g -O2   conftest.c -Wl,-rpath,/usr/lib  >&5
configure:3323: $? = 0
configure:3333: result: yes
configure:3378: checking build system type
configure:3392: result: x86_64-unknown-linux-gnu
configure:3412: checking host system type
configure:3425: result: x86_64-unknown-linux-gnu
configure:3445: checking target system type
configure:3458: result: x86_64-unknown-linux-gnu
configure:3561: checking for PHP prefix
configure:3563: result: /usr
configure:3565: checking for PHP includes
configure:3567: result: -I/usr/include/php -I/usr/include/php/main -I/usr/include/php/TSRM -I/usr/include/php/Zend -I/usr/include/php/ext -I/usr/include/php/ext/date/lib
configure:3569: checking for PHP extension directory
configure:3571: result: /usr/lib64/php/modules
configure:3573: checking for PHP installed headers prefix
configure:3575: result: /usr/include/php
configure:3578: checking if debug is enabled
configure:3604: result: no
configure:3607: checking if zts is enabled
configure:3633: result: no
configure:3704: checking for re2c
configure:3720: found /usr/bin/re2c
configure:3731: result: re2c
configure:3740: checking for re2c version
configure:3754: result: 0.13.5 (ok)
configure:3773: checking for gawk
configure:3790: found /usr/bin/gawk
configure:3801: result: gawk
configure:4204: checking how to print strings
configure:4231: result: printf
configure:4252: checking for a sed that does not truncate output
configure:4316: result: /usr/bin/sed
configure:4334: checking for fgrep
configure:4396: result: /usr/bin/grep -F
configure:4431: checking for ld used by cc
configure:4498: result: /usr/bin/ld
configure:4505: checking if the linker (/usr/bin/ld) is GNU ld
configure:4520: result: yes
configure:4532: checking for BSD- or MS-compatible name lister (nm)
configure:4581: result: /usr/bin/nm -B
configure:4711: checking the name lister (/usr/bin/nm -B) interface
configure:4718: cc -c -g -O2  conftest.c >&5
configure:4721: /usr/bin/nm -B "conftest.o"
configure:4724: output
0000000000000000 B some_variable
configure:4731: result: BSD nm
configure:4734: checking whether ln -s works
configure:4738: result: yes
configure:4746: checking the maximum length of command line arguments
configure:4876: result: 1572864
configure:4893: checking whether the shell understands some XSI constructs
configure:4903: result: yes
configure:4907: checking whether the shell understands "+="
configure:4913: result: yes
configure:4948: checking how to convert x86_64-unknown-linux-gnu file names to x86_64-unknown-linux-gnu format
configure:4988: result: func_convert_file_noop
configure:4995: checking how to convert x86_64-unknown-linux-gnu file names to toolchain format
configure:5015: result: func_convert_file_noop
configure:5022: checking for /usr/bin/ld option to reload object files
configure:5029: result: -r
configure:5103: checking for objdump
configure:5119: found /usr/bin/objdump
configure:5130: result: objdump
configure:5162: checking how to recognize dependent libraries
configure:5364: result: pass_all
configure:5449: checking for dlltool
configure:5479: result: no
configure:5509: checking how to associate runtime and link libraries
configure:5536: result: printf %s\n
configure:5596: checking for ar
configure:5612: found /usr/bin/ar
configure:5623: result: ar
configure:5660: checking for archiver @FILE support
configure:5677: cc -c -g -O2  conftest.c >&5
configure:5677: $? = 0
configure:5680: ar cru libconftest.a @conftest.lst >&5
configure:5683: $? = 0
configure:5688: ar cru libconftest.a @conftest.lst >&5
ar: conftest.o: No such file or directory
configure:5691: $? = 1
configure:5703: result: @
configure:5761: checking for strip
configure:5777: found /usr/bin/strip
configure:5788: result: strip
configure:5860: checking for ranlib
configure:5876: found /usr/bin/ranlib
configure:5887: result: ranlib
configure:5964: checking for gawk
configure:5991: result: gawk
configure:6031: checking command to parse /usr/bin/nm -B output from cc object
configure:6151: cc -c -g -O2  conftest.c >&5
configure:6154: $? = 0
configure:6158: /usr/bin/nm -B conftest.o \| sed -n -e 's/^.*[ ]\([ABCDGIRSTW][ABCDGIRSTW]*\)[ ][ ]*\([_A-Za-z][_A-Za-z0-9]*\)$/\1 \2 \2/p' | sed '/ __gnu_lto/d' \> conftest.nm
configure:6161: $? = 0
configure:6227: cc -o conftest -g -O2   conftest.c conftstm.o >&5
configure:6230: $? = 0
configure:6268: result: ok
configure:6305: checking for sysroot
configure:6335: result: no
configure:6412: cc -c -g -O2  conftest.c >&5
configure:6415: $? = 0
configure:6591: checking for mt
configure:6621: result: no
configure:6641: checking if : is a manifest tool
configure:6647: : '-?'
configure:6655: result: no
configure:7292: checking for ANSI C header files
configure:7312: cc -c -g -O2  conftest.c >&5
configure:7312: $? = 0
configure:7385: cc -o conftest -g -O2   conftest.c  >&5
configure:7385: $? = 0
configure:7385: ./conftest
configure:7385: $? = 0
configure:7396: result: yes
configure:7409: checking for sys/types.h
configure:7409: cc -c -g -O2  conftest.c >&5
configure:7409: $? = 0
configure:7409: result: yes
configure:7409: checking for sys/stat.h
configure:7409: cc -c -g -O2  conftest.c >&5
configure:7409: $? = 0
configure:7409: result: yes
configure:7409: checking for stdlib.h
configure:7409: cc -c -g -O2  conftest.c >&5
configure:7409: $? = 0
configure:7409: result: yes
configure:7409: checking for string.h
configure:7409: cc -c -g -O2  conftest.c >&5
configure:7409: $? = 0
configure:7409: result: yes
configure:7409: checking for memory.h
configure:7409: cc -c -g -O2  conftest.c >&5
configure:7409: $? = 0
configure:7409: result: yes
configure:7409: checking for strings.h
configure:7409: cc -c -g -O2  conftest.c >&5
configure:7409: $? = 0
configure:7409: result: yes
configure:7409: checking for inttypes.h
configure:7409: cc -c -g -O2  conftest.c >&5
configure:7409: $? = 0
configure:7409: result: yes
configure:7409: checking for stdint.h
configure:7409: cc -c -g -O2  conftest.c >&5
configure:7409: $? = 0
configure:7409: result: yes
configure:7409: checking for unistd.h
configure:7409: cc -c -g -O2  conftest.c >&5
configure:7409: $? = 0
configure:7409: result: yes
configure:7423: checking for dlfcn.h
configure:7423: cc -c -g -O2  conftest.c >&5
configure:7423: $? = 0
configure:7423: result: yes
configure:7629: checking for objdir
configure:7644: result: .libs
configure:7915: checking if cc supports -fno-rtti -fno-exceptions
configure:7933: cc -c -g -O2  -fno-rtti -fno-exceptions conftest.c >&5
cc1: warning: command line option '-fno-rtti' is valid for C++/ObjC++ but not for C [enabled by default]
cc1: warning: command line option '-fno-rtti' is valid for C++/ObjC++ but not for C [enabled by default]
configure:7937: $? = 0
configure:7950: result: no
configure:8277: checking for cc option to produce PIC
configure:8284: result: -fPIC -DPIC
configure:8292: checking if cc PIC flag -fPIC -DPIC works
configure:8310: cc -c -g -O2  -fPIC -DPIC -DPIC conftest.c >&5
configure:8314: $? = 0
configure:8327: result: yes
configure:8356: checking if cc static flag -static works
configure:8384: result: yes
configure:8399: checking if cc supports -c -o file.o
configure:8420: cc -c -g -O2  -o out/conftest2.o conftest.c >&5
configure:8424: $? = 0
configure:8446: result: yes
configure:8454: checking if cc supports -c -o file.o
configure:8501: result: yes
configure:8534: checking whether the cc linker (/usr/bin/ld -m elf_x86_64) supports shared libraries
configure:9687: result: yes
configure:9724: checking whether -lc should be explicitly linked in
configure:9732: cc -c -g -O2  conftest.c >&5
configure:9735: $? = 0
configure:9750: cc -shared  -fPIC -DPIC conftest.o  -v -Wl,-soname -Wl,conftest -o conftest 2\>\&1 \| /usr/bin/grep  -lc  \>/dev/null 2\>\&1
configure:9753: $? = 0
configure:9767: result: no
configure:9927: checking dynamic linker characteristics
configure:10438: cc -o conftest -g -O2   -Wl,-rpath -Wl,/foo conftest.c  >&5
configure:10438: $? = 0
configure:10664: result: GNU/Linux ld.so
configure:10771: checking how to hardcode library paths into programs
configure:10796: result: immediate
configure:11336: checking whether stripping libraries is possible
configure:11341: result: yes
configure:11376: checking if libtool supports shared libraries
configure:11378: result: yes
configure:11381: checking whether to build shared libraries
configure:11402: result: yes
configure:11405: checking whether to build static libraries
configure:11409: result: no
configure:11685: creating ./config.status

## ---------------------- ##
## Running config.status. ##
## ---------------------- ##

This file was extended by config.status, which was
generated by GNU Autoconf 2.69.  Invocation command line was

  CONFIG_FILES    = 
  CONFIG_HEADERS  = 
  CONFIG_LINKS    = 
  CONFIG_COMMANDS = 
  $ ./config.status 

on localhost.localdomain

config.status:885: creating config.h
config.status:975: config.h is unchanged
config.status:989: executing libtool commands

## ---------------- ##
## Cache variables. ##
## ---------------- ##

ac_cv_build=x86_64-unknown-linux-gnu
ac_cv_c_compiler_gnu=yes
ac_cv_env_CC_set=
ac_cv_env_CC_value=
ac_cv_env_CFLAGS_set=
ac_cv_env_CFLAGS_value=
ac_cv_env_CPPFLAGS_set=
ac_cv_env_CPPFLAGS_value=
ac_cv_env_CPP_set=
ac_cv_env_CPP_value=
ac_cv_env_LDFLAGS_set=
ac_cv_env_LDFLAGS_value=
ac_cv_env_LIBS_set=
ac_cv_env_LIBS_value=
ac_cv_env_build_alias_set=
ac_cv_env_build_alias_value=
ac_cv_env_host_alias_set=
ac_cv_env_host_alias_value=
ac_cv_env_target_alias_set=
ac_cv_env_target_alias_value=
ac_cv_header_dlfcn_h=yes
ac_cv_header_inttypes_h=yes
ac_cv_header_memory_h=yes
ac_cv_header_stdc=yes
ac_cv_header_stdint_h=yes
ac_cv_header_stdlib_h=yes
ac_cv_header_string_h=yes
ac_cv_header_strings_h=yes
ac_cv_header_sys_stat_h=yes
ac_cv_header_sys_types_h=yes
ac_cv_header_unistd_h=yes
ac_cv_host=x86_64-unknown-linux-gnu
ac_cv_objext=o
ac_cv_path_EGREP='/usr/bin/grep -E'
ac_cv_path_FGREP='/usr/bin/grep -F'
ac_cv_path_GREP=/usr/bin/grep
ac_cv_path_SED=/usr/bin/sed
ac_cv_prog_AWK=gawk
ac_cv_prog_CPP='cc -E'
ac_cv_prog_RE2C=re2c
ac_cv_prog_ac_ct_AR=ar
ac_cv_prog_ac_ct_CC=cc
ac_cv_prog_ac_ct_OBJDUMP=objdump
ac_cv_prog_ac_ct_RANLIB=ranlib
ac_cv_prog_ac_ct_STRIP=strip
ac_cv_prog_cc_c89=
ac_cv_prog_cc_cc_c_o=yes
ac_cv_prog_cc_g=yes
ac_cv_target=x86_64-unknown-linux-gnu
lt_cv_ar_at_file=@
lt_cv_archive_cmds_need_lc=no
lt_cv_deplibs_check_method=pass_all
lt_cv_file_magic_cmd='$MAGIC_CMD'
lt_cv_file_magic_test_file=
lt_cv_ld_reload_flag=-r
lt_cv_nm_interface='BSD nm'
lt_cv_objdir=.libs
lt_cv_path_LD=/usr/bin/ld
lt_cv_path_NM='/usr/bin/nm -B'
lt_cv_path_mainfest_tool=no
lt_cv_prog_compiler_c_o=yes
lt_cv_prog_compiler_pic='-fPIC -DPIC'
lt_cv_prog_compiler_pic_works=yes
lt_cv_prog_compiler_rtti_exceptions=no
lt_cv_prog_compiler_static_works=yes
lt_cv_prog_gnu_ld=yes
lt_cv_sharedlib_from_linklib_cmd='printf %s\n'
lt_cv_shlibpath_overrides_runpath=no
lt_cv_sys_global_symbol_pipe='sed -n -e '\''s/^.*[	 ]\([ABCDGIRSTW][ABCDGIRSTW]*\)[	 ][	 ]*\([_A-Za-z][_A-Za-z0-9]*\)$/\1 \2 \2/p'\'' | sed '\''/ __gnu_lto/d'\'''
lt_cv_sys_global_symbol_to_c_name_address='sed -n -e '\''s/^: \([^ ]*\)[ ]*$/  {\"\1\", (void *) 0},/p'\'' -e '\''s/^[ABCDGIRSTW]* \([^ ]*\) \([^ ]*\)$/  {"\2", (void *) \&\2},/p'\'''
lt_cv_sys_global_symbol_to_c_name_address_lib_prefix='sed -n -e '\''s/^: \([^ ]*\)[ ]*$/  {\"\1\", (void *) 0},/p'\'' -e '\''s/^[ABCDGIRSTW]* \([^ ]*\) \(lib[^ ]*\)$/  {"\2", (void *) \&\2},/p'\'' -e '\''s/^[ABCDGIRSTW]* \([^ ]*\) \([^ ]*\)$/  {"lib\2", (void *) \&\2},/p'\'''
lt_cv_sys_global_symbol_to_cdecl='sed -n -e '\''s/^T .* \(.*\)$/extern int \1();/p'\'' -e '\''s/^[ABCDGIRSTW]* .* \(.*\)$/extern char \1;/p'\'''
lt_cv_sys_max_cmd_len=1572864
lt_cv_to_host_file_cmd=func_convert_file_noop
lt_cv_to_tool_file_cmd=func_convert_file_noop
php_cv_cc_dashr=no
php_cv_cc_rpath=yes
php_cv_re2c_version='0.13.5 (ok)'

## ----------------- ##
## Output variables. ##
## ----------------- ##

AR='ar'
AWK='gawk'
CC='cc'
CFLAGS='-g -O2'
CONFIGURE_COMMAND=' '\''./configure'\'' '
CONFIGURE_OPTIONS=''
CPP='cc -E'
CPPFLAGS=' -DHAVE_CONFIG_H'
DEFS='-DHAVE_CONFIG_H'
DLLTOOL='false'
DSYMUTIL=''
DUMPBIN=''
ECHO_C=''
ECHO_N='-n'
ECHO_T=''
EGREP='/usr/bin/grep -E'
EXEEXT=''
FGREP='/usr/bin/grep -F'
GREP='/usr/bin/grep'
LD='/usr/bin/ld -m elf_x86_64'
LDFLAGS=''
LIBOBJS=''
LIBS=''
LIBTOOL='$(SHELL) $(top_builddir)/libtool'
LIPO=''
LN_S='ln -s'
LTLIBOBJS=''
MANIFEST_TOOL=':'
NM='/usr/bin/nm -B'
NMEDIT=''
OBJDUMP='objdump'
OBJEXT='o'
OTOOL64=''
OTOOL=''
PACKAGE_BUGREPORT=''
PACKAGE_NAME=''
PACKAGE_STRING=''
PACKAGE_TARNAME=''
PACKAGE_URL=''
PACKAGE_VERSION=''
PATH_SEPARATOR=':'
RANLIB='ranlib'
RE2C='re2c'
SED='/usr/bin/sed'
SHELL='/bin/sh'
SHLIB_DL_SUFFIX_NAME='so'
SHLIB_SUFFIX_NAME='so'
STRIP='strip'
ac_ct_AR='ar'
ac_ct_CC='cc'
ac_ct_DUMPBIN=''
bindir='${exec_prefix}/bin'
build='x86_64-unknown-linux-gnu'
build_alias=''
build_cpu='x86_64'
build_os='linux-gnu'
build_vendor='unknown'
datadir='${datarootdir}'
datarootdir='${prefix}/share'
docdir='${datarootdir}/doc/${PACKAGE}'
dvidir='${docdir}'
exec_prefix='$(prefix)'
host='x86_64-unknown-linux-gnu'
host_alias='x86_64-unknown-linux-gnu'
host_cpu='x86_64'
host_os='linux-gnu'
host_vendor='unknown'
htmldir='${docdir}'
includedir='${prefix}/include'
infodir='${datarootdir}/info'
libdir='${exec_prefix}/lib'
libexecdir='${exec_prefix}/libexec'
localedir='${datarootdir}/locale'
localstatedir='${prefix}/var'
mandir='${datarootdir}/man'
oldincludedir='/usr/include'
pdfdir='${docdir}'
prefix='/usr'
program_transform_name='s,x,x,'
psdir='${docdir}'
sbindir='${exec_prefix}/sbin'
sharedstatedir='${prefix}/com'
sysconfdir='${prefix}/etc'
target='x86_64-unknown-linux-gnu'
target_alias=''
target_cpu='x86_64'
target_os='linux-gnu'
target_vendor='unknown'

## ----------- ##
## confdefs.h. ##
## ----------- ##

/* confdefs.h */
#define PACKAGE_NAME ""
#define PACKAGE_TARNAME ""
#define PACKAGE_VERSION ""
#define PACKAGE_STRING ""
#define PACKAGE_BUGREPORT ""
#define PACKAGE_URL ""
#define STDC_HEADERS 1
#define HAVE_SYS_TYPES_H 1
#define HAVE_SYS_STAT_H 1
#define HAVE_STDLIB_H 1
#define HAVE_STRING_H 1
#define HAVE_MEMORY_H 1
#define HAVE_STRINGS_H 1
#define HAVE_INTTYPES_H 1
#define HAVE_STDINT_H 1
#define HAVE_UNISTD_H 1
#define HAVE_DLFCN_H 1
#define LT_OBJDIR ".libs/"

configure: exit 0
