This file contains any messages produced by compilers while
running configure, to aid debugging if configure makes a mistake.

It was created by configure, which was
generated by GNU Autoconf 2.69.  Invocation command line was

  $ ./configure 

## --------- ##
## Platform. ##
## --------- ##

hostname = localhost.localdomain
uname -m = x86_64
uname -r = 3.11.9-200.fc19.x86_64
uname -s = Linux
uname -v = #1 SMP Wed Nov 20 21:22:24 UTC 2013

/usr/bin/uname -p = x86_64
/bin/uname -X     = unknown

/bin/arch              = x86_64
/usr/bin/arch -k       = unknown
/usr/convex/getsysinfo = unknown
/usr/bin/hostinfo      = unknown
/bin/machine           = unknown
/usr/bin/oslevel       = unknown
/bin/universe          = unknown

PATH: /usr/lib64/qt-3.3/bin
PATH: /usr/lib64/ccache
PATH: /usr/local/bin
PATH: /usr/bin
PATH: /bin
PATH: /usr/local/sbin
PATH: /usr/sbin
PATH: /home/back1992/.rvm/bin
PATH: /home/back1992/.local/bin
PATH: /home/back1992/bin
PATH: /home/back1992/.rvm/bin


## ----------- ##
## Core tests. ##
## ----------- ##

configure:2079: checking for grep that handles long lines and -e
configure:2137: result: /usr/bin/grep
configure:2142: checking for egrep
configure:2204: result: /usr/bin/grep -E
configure:2209: checking for a sed that does not truncate output
configure:2273: result: /usr/bin/sed
configure:2407: checking for cc
configure:2423: found /usr/lib64/ccache/cc
configure:2434: result: cc
configure:2465: checking for C compiler version
configure:2474: cc --version >&5
cc (GCC) 4.8.2 20131017 (Red Hat 4.8.2-1)
Copyright (C) 2013 Free Software Foundation, Inc.
This is free software; see the source for copying conditions.  There is NO
warranty; not even for MERCHANTABILITY or FITNESS FOR A PARTICULAR PURPOSE.

configure:2485: $? = 0
configure:2474: cc -v >&5
Using built-in specs.
COLLECT_GCC=/usr/bin/cc
COLLECT_LTO_WRAPPER=/usr/libexec/gcc/x86_64-redhat-linux/4.8.2/lto-wrapper
Target: x86_64-redhat-linux
Configured with: ../configure --prefix=/usr --mandir=/usr/share/man --infodir=/usr/share/info --with-bugurl=http://bugzilla.redhat.com/bugzilla --enable-bootstrap --enable-shared --enable-threads=posix --enable-checking=release --with-system-zlib --enable-__cxa_atexit --disable-libunwind-exceptions --enable-gnu-unique-object --enable-linker-build-id --with-linker-hash-style=gnu --enable-languages=c,c++,objc,obj-c++,java,fortran,ada,go,lto --enable-plugin --enable-initfini-array --enable-java-awt=gtk --disable-dssi --with-java-home=/usr/lib/jvm/java-1.5.0-gcj-1.5.0.0/jre --enable-libgcj-multifile --enable-java-maintainer-mode --with-ecj-jar=/usr/share/java/eclipse-ecj.jar --disable-libjava-multilib --with-isl=/builddir/build/BUILD/gcc-4.8.2-20131017/obj-x86_64-redhat-linux/isl-install --with-cloog=/builddir/build/BUILD/gcc-4.8.2-20131017/obj-x86_64-redhat-linux/cloog-install --with-tune=generic --with-arch_32=i686 --build=x86_64-redhat-linux
Thread model: posix
gcc version 4.8.2 20131017 (Red Hat 4.8.2-1) (GCC) 
configure:2485: $? = 0
configure:2474: cc -V >&5
cc: error: unrecognized command line option '-V'
cc: fatal error: no input files
compilation terminated.
configure:2485: $? = 4
configure:2474: cc -qversion >&5
cc: error: unrecognized command line option '-qversion'
cc: fatal error: no input files
compilation terminated.
configure:2485: $? = 4
configure:2505: checking whether the C compiler works
configure:2527: cc    conftest.c  >&5
configure:2531: $? = 0
configure:2579: result: yes
configure:2582: checking for C compiler default output file name
configure:2584: result: a.out
configure:2590: checking for suffix of executables
configure:2597: cc -o conftest    conftest.c  >&5
configure:2601: $? = 0
configure:2623: result: 
configure:2645: checking whether we are cross compiling
configure:2653: cc -o conftest    conftest.c  >&5
configure:2657: $? = 0
configure:2664: ./conftest
configure:2668: $? = 0
configure:2683: result: no
configure:2688: checking for suffix of object files
configure:2710: cc -c   conftest.c >&5
configure:2714: $? = 0
configure:2735: result: o
configure:2739: checking whether we are using the GNU C compiler
configure:2758: cc -c   conftest.c >&5
configure:2758: $? = 0
configure:2767: result: yes
configure:2776: checking whether cc accepts -g
configure:2796: cc -c -g  conftest.c >&5
configure:2796: $? = 0
configure:2837: result: yes
configure:2854: checking for cc option to accept ISO C89
configure:2917: cc  -c -g -O2  conftest.c >&5
configure:2917: $? = 0
configure:2930: result: none needed
configure:2956: checking how to run the C preprocessor
configure:2987: cc -E  conftest.c
configure:2987: $? = 0
configure:3001: cc -E  conftest.c
conftest.c:9:28: fatal error: ac_nonexistent.h: No such file or directory
 #include <ac_nonexistent.h>
                            ^
compilation terminated.
configure:3001: $? = 1
configure: failed program was:
| /* confdefs.h */
| #define PACKAGE_NAME ""
| #define PACKAGE_TARNAME ""
| #define PACKAGE_VERSION ""
| #define PACKAGE_STRING ""
| #define PACKAGE_BUGREPORT ""
| #define PACKAGE_URL ""
| /* end confdefs.h.  */
| #include <ac_nonexistent.h>
configure:3026: result: cc -E
configure:3046: cc -E  conftest.c
configure:3046: $? = 0
configure:3060: cc -E  conftest.c
conftest.c:9:28: fatal error: ac_nonexistent.h: No such file or directory
 #include <ac_nonexistent.h>
                            ^
compilation terminated.
configure:3060: $? = 1
configure: failed program was:
| /* confdefs.h */
| #define PACKAGE_NAME ""
| #define PACKAGE_TARNAME ""
| #define PACKAGE_VERSION ""
| #define PACKAGE_STRING ""
| #define PACKAGE_BUGREPORT ""
| #define PACKAGE_URL ""
| /* end confdefs.h.  */
| #include <ac_nonexistent.h>
configure:3091: checking for icc
configure:3100: result: no
configure:3114: checking for suncc
configure:3123: result: no
configure:3141: checking whether cc understands -c and -o together
configure:3169: cc -c conftest.c -o conftest2.o >&5
configure:3173: $? = 0
configure:3179: cc -c conftest.c -o conftest2.o >&5
configure:3183: $? = 0
configure:3238: result: yes
configure:3252: checking for system library directory
configure:3267: result: lib
configure:3274: checking if compiler supports -R
configure:3293: cc -o conftest -g -O2   conftest.c -R /usr/lib  >&5
cc: error: unrecognized command line option '-R'
configure:3293: $? = 1
configure: failed program was:
| /* confdefs.h */
| #define PACKAGE_NAME ""
| #define PACKAGE_TARNAME ""
| #define PACKAGE_VERSION ""
| #define PACKAGE_STRING ""
| #define PACKAGE_BUGREPORT ""
| #define PACKAGE_URL ""
| /* end confdefs.h.  */
| 
| int
| main ()
| {
| 
|   ;
|   return 0;
| }
configure:3303: result: no
configure:3308: checking if compiler supports -Wl,-rpath,
configure:3327: cc -o conftest -g -O2   conftest.c -Wl,-rpath,/usr/lib  >&5
configure:3327: $? = 0
configure:3337: result: yes
configure:3382: checking build system type
configure:3396: result: x86_64-unknown-linux-gnu
configure:3416: checking host system type
configure:3429: result: x86_64-unknown-linux-gnu
configure:3449: checking target system type
configure:3462: result: x86_64-unknown-linux-gnu
configure:3565: checking for PHP prefix
configure:3567: result: /usr
configure:3569: checking for PHP includes
configure:3571: result: -I/usr/include/php -I/usr/include/php/main -I/usr/include/php/TSRM -I/usr/include/php/Zend -I/usr/include/php/ext -I/usr/include/php/ext/date/lib
configure:3573: checking for PHP extension directory
configure:3575: result: /usr/lib64/php/modules
configure:3577: checking for PHP installed headers prefix
configure:3579: result: /usr/include/php
configure:3582: checking if debug is enabled
configure:3608: result: no
configure:3611: checking if zts is enabled
configure:3637: result: no
configure:3708: checking for re2c
configure:3724: found /usr/bin/re2c
configure:3735: result: re2c
configure:3744: checking for re2c version
configure:3758: result: 0.13.5 (ok)
configure:3777: checking for gawk
configure:3794: found /usr/bin/gawk
configure:3805: result: gawk
configure:3848: checking for ffmpeg support
configure:3888: result: yes, shared
configure:3897: checking whether to force gd support in ffmpeg-php
configure:3911: result: no
configure:3931: checking for ffmpeg headers
configure:4199: result: ...found in /usr/local/include/libavcodec
configure:4204: checking for ffmpeg libavcodec.so
configure:4419: result: ...found in /usr/lib64
configure:4423: checking for ffmpeg swscale support
configure:4441: cc -o conftest -g -O2 -I -I/usr/include/php -I/usr/include/php/main -I/usr/include/php/TSRM -I/usr/include/php/Zend -I/usr/include/php/ext -I/usr/include/php/ext/date/lib -I/usr/local/include/libavcodec/ -I/usr/local/include/libavformat/ -I/usr/local/include/libavutil/ -I/usr/local/include/libswscale/ -I/usr/local/include/libavfilter/ -I/usr/local/include/libavdevice/   conftest.c  -lavcodec >&5
/tmp/cca5jdnv.o: In function `main':
/var/www/html/dandan/tools/php-ffmpeg-ext/ffmpeg-php-0.6.0/conftest.c:13: undefined reference to `img_convert'
collect2: error: ld returned 1 exit status
configure:4441: $? = 1
configure: failed program was:
| /* confdefs.h */
| #define PACKAGE_NAME ""
| #define PACKAGE_TARNAME ""
| #define PACKAGE_VERSION ""
| #define PACKAGE_STRING ""
| #define PACKAGE_BUGREPORT ""
| #define PACKAGE_URL ""
| /* end confdefs.h.  */
|  #include <avcodec.h>
| int
| main ()
| {
|  img_convert(0, 0, 0, 0, 0, 0)
|   ;
|   return 0;
| }
configure:4448: result: yes
configure:4938: checking how to print strings
configure:4965: result: printf
configure:4986: checking for a sed that does not truncate output
configure:5050: result: /usr/bin/sed
configure:5068: checking for fgrep
configure:5130: result: /usr/bin/grep -F
configure:5165: checking for ld used by cc
configure:5232: result: /usr/bin/ld
configure:5239: checking if the linker (/usr/bin/ld) is GNU ld
configure:5254: result: yes
configure:5266: checking for BSD- or MS-compatible name lister (nm)
configure:5315: result: /usr/bin/nm -B
configure:5445: checking the name lister (/usr/bin/nm -B) interface
configure:5452: cc -c -g -O2 -Wall -fno-strict-aliasing  conftest.c >&5
configure:5455: /usr/bin/nm -B "conftest.o"
configure:5458: output
0000000000000000 B some_variable
configure:5465: result: BSD nm
configure:5468: checking whether ln -s works
configure:5472: result: yes
configure:5480: checking the maximum length of command line arguments
configure:5610: result: 1572864
configure:5627: checking whether the shell understands some XSI constructs
configure:5637: result: yes
configure:5641: checking whether the shell understands "+="
configure:5647: result: yes
configure:5682: checking how to convert x86_64-unknown-linux-gnu file names to x86_64-unknown-linux-gnu format
configure:5722: result: func_convert_file_noop
configure:5729: checking how to convert x86_64-unknown-linux-gnu file names to toolchain format
configure:5749: result: func_convert_file_noop
configure:5756: checking for /usr/bin/ld option to reload object files
configure:5763: result: -r
configure:5837: checking for objdump
configure:5853: found /usr/bin/objdump
configure:5864: result: objdump
configure:5896: checking how to recognize dependent libraries
configure:6098: result: pass_all
configure:6183: checking for dlltool
configure:6213: result: no
configure:6243: checking how to associate runtime and link libraries
configure:6270: result: printf %s\n
configure:6330: checking for ar
configure:6346: found /usr/bin/ar
configure:6357: result: ar
configure:6394: checking for archiver @FILE support
configure:6411: cc -c -g -O2 -Wall -fno-strict-aliasing  conftest.c >&5
configure:6411: $? = 0
configure:6414: ar cru libconftest.a @conftest.lst >&5
configure:6417: $? = 0
configure:6422: ar cru libconftest.a @conftest.lst >&5
ar: conftest.o: No such file or directory
configure:6425: $? = 1
configure:6437: result: @
configure:6495: checking for strip
configure:6511: found /usr/bin/strip
configure:6522: result: strip
configure:6594: checking for ranlib
configure:6610: found /usr/bin/ranlib
configure:6621: result: ranlib
configure:6698: checking for gawk
configure:6725: result: gawk
configure:6765: checking command to parse /usr/bin/nm -B output from cc object
configure:6885: cc -c -g -O2 -Wall -fno-strict-aliasing  conftest.c >&5
configure:6888: $? = 0
configure:6892: /usr/bin/nm -B conftest.o \| sed -n -e 's/^.*[ ]\([ABCDGIRSTW][ABCDGIRSTW]*\)[ ][ ]*\([_A-Za-z][_A-Za-z0-9]*\)$/\1 \2 \2/p' | sed '/ __gnu_lto/d' \> conftest.nm
configure:6895: $? = 0
configure:6961: cc -o conftest -g -O2 -Wall -fno-strict-aliasing   conftest.c conftstm.o >&5
configure:6964: $? = 0
configure:7002: result: ok
configure:7039: checking for sysroot
configure:7069: result: no
configure:7146: cc -c -g -O2 -Wall -fno-strict-aliasing  conftest.c >&5
configure:7149: $? = 0
configure:7325: checking for mt
configure:7355: result: no
configure:7375: checking if : is a manifest tool
configure:7381: : '-?'
configure:7389: result: no
configure:8026: checking for ANSI C header files
configure:8046: cc -c -g -O2 -Wall -fno-strict-aliasing  conftest.c >&5
configure:8046: $? = 0
configure:8119: cc -o conftest -g -O2 -Wall -fno-strict-aliasing   conftest.c  >&5
configure:8119: $? = 0
configure:8119: ./conftest
configure:8119: $? = 0
configure:8130: result: yes
configure:8143: checking for sys/types.h
configure:8143: cc -c -g -O2 -Wall -fno-strict-aliasing  conftest.c >&5
configure:8143: $? = 0
configure:8143: result: yes
configure:8143: checking for sys/stat.h
configure:8143: cc -c -g -O2 -Wall -fno-strict-aliasing  conftest.c >&5
configure:8143: $? = 0
configure:8143: result: yes
configure:8143: checking for stdlib.h
configure:8143: cc -c -g -O2 -Wall -fno-strict-aliasing  conftest.c >&5
configure:8143: $? = 0
configure:8143: result: yes
configure:8143: checking for string.h
configure:8143: cc -c -g -O2 -Wall -fno-strict-aliasing  conftest.c >&5
configure:8143: $? = 0
configure:8143: result: yes
configure:8143: checking for memory.h
configure:8143: cc -c -g -O2 -Wall -fno-strict-aliasing  conftest.c >&5
configure:8143: $? = 0
configure:8143: result: yes
configure:8143: checking for strings.h
configure:8143: cc -c -g -O2 -Wall -fno-strict-aliasing  conftest.c >&5
configure:8143: $? = 0
configure:8143: result: yes
configure:8143: checking for inttypes.h
configure:8143: cc -c -g -O2 -Wall -fno-strict-aliasing  conftest.c >&5
configure:8143: $? = 0
configure:8143: result: yes
configure:8143: checking for stdint.h
configure:8143: cc -c -g -O2 -Wall -fno-strict-aliasing  conftest.c >&5
configure:8143: $? = 0
configure:8143: result: yes
configure:8143: checking for unistd.h
configure:8143: cc -c -g -O2 -Wall -fno-strict-aliasing  conftest.c >&5
configure:8143: $? = 0
configure:8143: result: yes
configure:8157: checking for dlfcn.h
configure:8157: cc -c -g -O2 -Wall -fno-strict-aliasing  conftest.c >&5
configure:8157: $? = 0
configure:8157: result: yes
configure:8363: checking for objdir
configure:8378: result: .libs
configure:8649: checking if cc supports -fno-rtti -fno-exceptions
configure:8667: cc -c -g -O2 -Wall -fno-strict-aliasing  -fno-rtti -fno-exceptions conftest.c >&5
cc1: warning: command line option '-fno-rtti' is valid for C++/ObjC++ but not for C [enabled by default]
cc1: warning: command line option '-fno-rtti' is valid for C++/ObjC++ but not for C [enabled by default]
configure:8671: $? = 0
configure:8684: result: no
configure:9011: checking for cc option to produce PIC
configure:9018: result: -fPIC -DPIC
configure:9026: checking if cc PIC flag -fPIC -DPIC works
configure:9044: cc -c -g -O2 -Wall -fno-strict-aliasing  -fPIC -DPIC -DPIC conftest.c >&5
configure:9048: $? = 0
configure:9061: result: yes
configure:9090: checking if cc static flag -static works
configure:9118: result: yes
configure:9133: checking if cc supports -c -o file.o
configure:9154: cc -c -g -O2 -Wall -fno-strict-aliasing  -o out/conftest2.o conftest.c >&5
configure:9158: $? = 0
configure:9180: result: yes
configure:9188: checking if cc supports -c -o file.o
configure:9235: result: yes
configure:9268: checking whether the cc linker (/usr/bin/ld -m elf_x86_64) supports shared libraries
configure:10421: result: yes
configure:10458: checking whether -lc should be explicitly linked in
configure:10466: cc -c -g -O2 -Wall -fno-strict-aliasing  conftest.c >&5
configure:10469: $? = 0
configure:10484: cc -shared  -fPIC -DPIC conftest.o  -v -Wl,-soname -Wl,conftest -o conftest 2\>\&1 \| /usr/bin/grep  -lc  \>/dev/null 2\>\&1
configure:10487: $? = 0
configure:10501: result: no
configure:10661: checking dynamic linker characteristics
configure:11172: cc -o conftest -g -O2 -Wall -fno-strict-aliasing   -Wl,-rpath -Wl,/foo conftest.c  >&5
configure:11172: $? = 0
configure:11398: result: GNU/Linux ld.so
configure:11505: checking how to hardcode library paths into programs
configure:11530: result: immediate
configure:12070: checking whether stripping libraries is possible
configure:12075: result: yes
configure:12110: checking if libtool supports shared libraries
configure:12112: result: yes
configure:12115: checking whether to build shared libraries
configure:12136: result: yes
configure:12139: checking whether to build static libraries
configure:12143: result: no
configure:12419: creating ./config.status

## ---------------------- ##
## Running config.status. ##
## ---------------------- ##

This file was extended by config.status, which was
generated by GNU Autoconf 2.69.  Invocation command line was

  CONFIG_FILES    = 
  CONFIG_HEADERS  = 
  CONFIG_LINKS    = 
  CONFIG_COMMANDS = 
  $ ./config.status 

on localhost.localdomain

config.status:888: creating config.h
config.status:992: executing libtool commands

## ---------------- ##
## Cache variables. ##
## ---------------- ##

ac_cv_build=x86_64-unknown-linux-gnu
ac_cv_c_compiler_gnu=yes
ac_cv_env_CC_set=
ac_cv_env_CC_value=
ac_cv_env_CFLAGS_set=
ac_cv_env_CFLAGS_value=
ac_cv_env_CPPFLAGS_set=
ac_cv_env_CPPFLAGS_value=
ac_cv_env_CPP_set=
ac_cv_env_CPP_value=
ac_cv_env_LDFLAGS_set=
ac_cv_env_LDFLAGS_value=
ac_cv_env_LIBS_set=
ac_cv_env_LIBS_value=
ac_cv_env_build_alias_set=
ac_cv_env_build_alias_value=
ac_cv_env_host_alias_set=
ac_cv_env_host_alias_value=
ac_cv_env_target_alias_set=
ac_cv_env_target_alias_value=
ac_cv_header_dlfcn_h=yes
ac_cv_header_inttypes_h=yes
ac_cv_header_memory_h=yes
ac_cv_header_stdc=yes
ac_cv_header_stdint_h=yes
ac_cv_header_stdlib_h=yes
ac_cv_header_string_h=yes
ac_cv_header_strings_h=yes
ac_cv_header_sys_stat_h=yes
ac_cv_header_sys_types_h=yes
ac_cv_header_unistd_h=yes
ac_cv_host=x86_64-unknown-linux-gnu
ac_cv_objext=o
ac_cv_path_EGREP='/usr/bin/grep -E'
ac_cv_path_FGREP='/usr/bin/grep -F'
ac_cv_path_GREP=/usr/bin/grep
ac_cv_path_SED=/usr/bin/sed
ac_cv_prog_AWK=gawk
ac_cv_prog_CPP='cc -E'
ac_cv_prog_RE2C=re2c
ac_cv_prog_ac_ct_AR=ar
ac_cv_prog_ac_ct_CC=cc
ac_cv_prog_ac_ct_OBJDUMP=objdump
ac_cv_prog_ac_ct_RANLIB=ranlib
ac_cv_prog_ac_ct_STRIP=strip
ac_cv_prog_cc_c89=
ac_cv_prog_cc_cc_c_o=yes
ac_cv_prog_cc_g=yes
ac_cv_target=x86_64-unknown-linux-gnu
lt_cv_ar_at_file=@
lt_cv_archive_cmds_need_lc=no
lt_cv_deplibs_check_method=pass_all
lt_cv_file_magic_cmd='$MAGIC_CMD'
lt_cv_file_magic_test_file=
lt_cv_ld_reload_flag=-r
lt_cv_nm_interface='BSD nm'
lt_cv_objdir=.libs
lt_cv_path_LD=/usr/bin/ld
lt_cv_path_NM='/usr/bin/nm -B'
lt_cv_path_mainfest_tool=no
lt_cv_prog_compiler_c_o=yes
lt_cv_prog_compiler_pic='-fPIC -DPIC'
lt_cv_prog_compiler_pic_works=yes
lt_cv_prog_compiler_rtti_exceptions=no
lt_cv_prog_compiler_static_works=yes
lt_cv_prog_gnu_ld=yes
lt_cv_sharedlib_from_linklib_cmd='printf %s\n'
lt_cv_shlibpath_overrides_runpath=no
lt_cv_sys_global_symbol_pipe='sed -n -e '\''s/^.*[	 ]\([ABCDGIRSTW][ABCDGIRSTW]*\)[	 ][	 ]*\([_A-Za-z][_A-Za-z0-9]*\)$/\1 \2 \2/p'\'' | sed '\''/ __gnu_lto/d'\'''
lt_cv_sys_global_symbol_to_c_name_address='sed -n -e '\''s/^: \([^ ]*\)[ ]*$/  {\"\1\", (void *) 0},/p'\'' -e '\''s/^[ABCDGIRSTW]* \([^ ]*\) \([^ ]*\)$/  {"\2", (void *) \&\2},/p'\'''
lt_cv_sys_global_symbol_to_c_name_address_lib_prefix='sed -n -e '\''s/^: \([^ ]*\)[ ]*$/  {\"\1\", (void *) 0},/p'\'' -e '\''s/^[ABCDGIRSTW]* \([^ ]*\) \(lib[^ ]*\)$/  {"\2", (void *) \&\2},/p'\'' -e '\''s/^[ABCDGIRSTW]* \([^ ]*\) \([^ ]*\)$/  {"lib\2", (void *) \&\2},/p'\'''
lt_cv_sys_global_symbol_to_cdecl='sed -n -e '\''s/^T .* \(.*\)$/extern int \1();/p'\'' -e '\''s/^[ABCDGIRSTW]* .* \(.*\)$/extern char \1;/p'\'''
lt_cv_sys_max_cmd_len=1572864
lt_cv_to_host_file_cmd=func_convert_file_noop
lt_cv_to_tool_file_cmd=func_convert_file_noop
php_cv_cc_dashr=no
php_cv_cc_rpath=yes
php_cv_re2c_version='0.13.5 (ok)'

## ----------------- ##
## Output variables. ##
## ----------------- ##

AR='ar'
AWK='gawk'
CC='cc'
CFLAGS='-g -O2 -Wall -fno-strict-aliasing'
CONFIGURE_COMMAND=' '\''./configure'\'' '
CONFIGURE_OPTIONS=''
CPP='cc -E'
CPPFLAGS=' -DHAVE_CONFIG_H'
DEFS='-DHAVE_CONFIG_H'
DLLTOOL='false'
DSYMUTIL=''
DUMPBIN=''
ECHO_C=''
ECHO_N='-n'
ECHO_T=''
EGREP='/usr/bin/grep -E'
EXEEXT=''
FGREP='/usr/bin/grep -F'
GREP='/usr/bin/grep'
LD='/usr/bin/ld -m elf_x86_64'
LDFLAGS=''
LIBOBJS=''
LIBS=''
LIBTOOL='$(SHELL) $(top_builddir)/libtool'
LIPO=''
LN_S='ln -s'
LTLIBOBJS=''
MANIFEST_TOOL=':'
NM='/usr/bin/nm -B'
NMEDIT=''
OBJDUMP='objdump'
OBJEXT='o'
OTOOL64=''
OTOOL=''
PACKAGE_BUGREPORT=''
PACKAGE_NAME=''
PACKAGE_STRING=''
PACKAGE_TARNAME=''
PACKAGE_URL=''
PACKAGE_VERSION=''
PATH_SEPARATOR=':'
RANLIB='ranlib'
RE2C='re2c'
SED='/usr/bin/sed'
SHELL='/bin/sh'
SHLIB_DL_SUFFIX_NAME='so'
SHLIB_SUFFIX_NAME='so'
STRIP='strip'
ac_ct_AR='ar'
ac_ct_CC='cc'
ac_ct_DUMPBIN=''
bindir='${exec_prefix}/bin'
build='x86_64-unknown-linux-gnu'
build_alias=''
build_cpu='x86_64'
build_os='linux-gnu'
build_vendor='unknown'
datadir='${datarootdir}'
datarootdir='${prefix}/share'
docdir='${datarootdir}/doc/${PACKAGE}'
dvidir='${docdir}'
exec_prefix='$(prefix)'
host='x86_64-unknown-linux-gnu'
host_alias='x86_64-unknown-linux-gnu'
host_cpu='x86_64'
host_os='linux-gnu'
host_vendor='unknown'
htmldir='${docdir}'
includedir='${prefix}/include'
infodir='${datarootdir}/info'
libdir='${exec_prefix}/lib'
libexecdir='${exec_prefix}/libexec'
localedir='${datarootdir}/locale'
localstatedir='${prefix}/var'
mandir='${datarootdir}/man'
oldincludedir='/usr/include'
pdfdir='${docdir}'
prefix='/usr'
program_transform_name='s,x,x,'
psdir='${docdir}'
sbindir='${exec_prefix}/sbin'
sharedstatedir='${prefix}/com'
sysconfdir='${prefix}/etc'
target='x86_64-unknown-linux-gnu'
target_alias=''
target_cpu='x86_64'
target_os='linux-gnu'
target_vendor='unknown'

## ----------- ##
## confdefs.h. ##
## ----------- ##

/* confdefs.h */
#define PACKAGE_NAME ""
#define PACKAGE_TARNAME ""
#define PACKAGE_VERSION ""
#define PACKAGE_STRING ""
#define PACKAGE_BUGREPORT ""
#define PACKAGE_URL ""
#define HAVE_SWSCALER 1
#define COMPILE_DL_FFMPEG 1
#define HAVE_FFMPEG_PHP 1
#define STDC_HEADERS 1
#define HAVE_SYS_TYPES_H 1
#define HAVE_SYS_STAT_H 1
#define HAVE_STDLIB_H 1
#define HAVE_STRING_H 1
#define HAVE_MEMORY_H 1
#define HAVE_STRINGS_H 1
#define HAVE_INTTYPES_H 1
#define HAVE_STDINT_H 1
#define HAVE_UNISTD_H 1
#define HAVE_DLFCN_H 1
#define LT_OBJDIR ".libs/"

configure: exit 0
